0 info it worked if it ends with ok
1 verbose cli [ 'C:\\Program Files\\nodejs\\node.exe',
1 verbose cli   'C:\\Program Files\\nodejs\\node_modules\\npm\\bin\\npm-cli.js',
1 verbose cli   'run',
1 verbose cli   'build:prod:web' ]
2 info using npm@4.1.2
3 info using node@v7.6.0
4 verbose run-script [ 'prebuild:prod:web', 'build:prod:web', 'postbuild:prod:web' ]
5 info lifecycle fof@1.0.0~prebuild:prod:web: fof@1.0.0
6 silly lifecycle fof@1.0.0~prebuild:prod:web: no script for prebuild:prod:web, continuing
7 info lifecycle fof@1.0.0~build:prod:web: fof@1.0.0
8 verbose lifecycle fof@1.0.0~build:prod:web: unsafe-perm in lifecycle true
9 verbose lifecycle fof@1.0.0~build:prod:web: PATH: C:\Users\alexyxiao\AppData\Roaming\nvm\v7.6.0\node_modules\npm\bin\node-gyp-bin;E:\MINI-WEB\node_modules\.bin;C:\windows\system32;C:\windows;C:\windows\System32\Wbem;C:\windows\System32\WindowsPowerShell\v1.0\;C:\Users\alexyxiao\AppData\Roaming\nvm;C:\Program Files\nodejs;C:\Program Files\Git\cmd;C:\Program Files\Microsoft VS Code\bin;C:\Users\alexyxiao\AppData\Local\Microsoft\WindowsApps;C:\Users\alexyxiao\AppData\Roaming\nvm;C:\Program Files\nodejs;C:\Users\alexyxiao\AppData\Local\Programs\Fiddler
10 verbose lifecycle fof@1.0.0~build:prod:web: CWD: E:\MINI-WEB
11 silly lifecycle fof@1.0.0~build:prod:web: Args: [ '/d /s /c', 'webpack --env.NODE_ENV=release' ]
12 silly lifecycle fof@1.0.0~build:prod:web: Returned: code: 2  signal: null
13 info lifecycle fof@1.0.0~build:prod:web: Failed to exec build:prod:web script
14 verbose stack Error: fof@1.0.0 build:prod:web: `webpack --env.NODE_ENV=release`
14 verbose stack Exit status 2
14 verbose stack     at EventEmitter.<anonymous> (C:\Users\alexyxiao\AppData\Roaming\nvm\v7.6.0\node_modules\npm\lib\utils\lifecycle.js:279:16)
14 verbose stack     at emitTwo (events.js:106:13)
14 verbose stack     at EventEmitter.emit (events.js:192:7)
14 verbose stack     at ChildProcess.<anonymous> (C:\Users\alexyxiao\AppData\Roaming\nvm\v7.6.0\node_modules\npm\lib\utils\spawn.js:40:14)
14 verbose stack     at emitTwo (events.js:106:13)
14 verbose stack     at ChildProcess.emit (events.js:192:7)
14 verbose stack     at maybeClose (internal/child_process.js:890:16)
14 verbose stack     at Process.ChildProcess._handle.onexit (internal/child_process.js:226:5)
15 verbose pkgid fof@1.0.0
16 verbose cwd E:\MINI-WEB
17 error Windows_NT 10.0.16299
18 error argv "C:\\Program Files\\nodejs\\node.exe" "C:\\Program Files\\nodejs\\node_modules\\npm\\bin\\npm-cli.js" "run" "build:prod:web"
19 error node v7.6.0
20 error npm  v4.1.2
21 error code ELIFECYCLE
22 error fof@1.0.0 build:prod:web: `webpack --env.NODE_ENV=release`
22 error Exit status 2
23 error Failed at the fof@1.0.0 build:prod:web script 'webpack --env.NODE_ENV=release'.
23 error Make sure you have the latest version of node.js and npm installed.
23 error If you do, this is most likely a problem with the fof package,
23 error not with npm itself.
23 error Tell the author that this fails on your system:
23 error     webpack --env.NODE_ENV=release
23 error You can get information on how to open an issue for this project with:
23 error     npm bugs fof
23 error Or if that isn't available, you can get their info via:
23 error     npm owner ls fof
23 error There is likely additional logging output above.
24 verbose exit [ 1, true ]
